<?xml version="1.0" encoding="UTF-8"?>
<!-- Generated by org.testng.reporters.JUnitXMLReporter -->
<testsuite ignored="1" hostname="LENOVO" failures="0" tests="1" name="Default test(failed)" time="28.893" errors="0" timestamp="2022-07-30T01:11:19 IST">
  <testcase classname="testng.TestClass" name="ValidationOfAdminPage" time="2.576"/>
  <testcase classname="testng.TestClass" name="ValidationOfHomePage" time="0.0">
    <ignored/>
  </testcase> <!-- ValidationOfHomePage -->
</testsuite> <!-- Default test(failed) -->
