<?xml version="1.0" encoding="UTF-8"?>
<!-- Generated by org.testng.reporters.JUnitXMLReporter -->
<testsuite ignored="1" hostname="LENOVO" failures="0" tests="1" name="TestOrangeHRM(failed)" time="34.701" errors="0" timestamp="2022-07-27T00:25:52 IST">
  <testcase classname="testng.TestClass" name="ValidationOfHomePage" time="7.835"/>
  <testcase classname="testng.TestClass" name="ValidationOfAdminPage" time="0.0">
    <ignored/>
  </testcase> <!-- ValidationOfAdminPage -->
</testsuite> <!-- TestOrangeHRM(failed) -->
